  MDSColorpalette.cpp
D:\1.Project\1. PLIR\Spinnaker\MDSSpinnakerSDK\MDSSpinnakerSDK\Libraries\OpenCV4.7\include\opencv2\core.hpp(1188,1): warning C4819: 현재 코드 페이지(949)에서 표시할 수 없는 문자가 파일에 들어 있습니다. 데이터가 손실되지 않게 하려면 해당 파일을 유니코드 형식으로 저장하십시오.
D:\1.Project\1. PLIR\Spinnaker\MDSSpinnakerSDK\MDSSpinnakerSDK\Libraries\OpenCV4.7\include\opencv2\core.hpp(1188,1): warning C4819: 현재 코드 페이지(949)에서 표시할 수 없는 문자가 파일에 들어 있습니다. 데이터가 손실되지 않게 하려면 해당 파일을 유니코드 형식으로 저장하십시오.
D:\1.Project\1. PLIR\Spinnaker\MDSSpinnakerSDK\MDSSpinnakerSDK\Libraries\OpenCV4.7\include\opencv2\core.hpp(1188,1): warning C4819: 현재 코드 페이지(949)에서 표시할 수 없는 문자가 파일에 들어 있습니다. 데이터가 손실되지 않게 하려면 해당 파일을 유니코드 형식으로 저장하십시오.
D:\1.Project\1. PLIR\Spinnaker\MDSSpinnakerSDK\MDSSpinnakerSDK\Libraries\OpenCV4.7\include\opencv2\objdetect\aruco_board.hpp(1,1): warning C4819: 현재 코드 페이지(949)에서 표시할 수 없는 문자가 파일에 들어 있습니다. 데이터가 손실되지 않게 하려면 해당 파일을 유니코드 형식으로 저장하십시오.
D:\1.Project\1. PLIR\Spinnaker\MDSSpinnakerSDK\MDSSpinnakerSDK\MDSColorpalette.cpp(126,58): warning C4267: '초기화 중': 'size_t'에서 'int'(으)로 변환하면서 데이터가 손실될 수 있습니다.
  MDSSpinnakerSDK.cpp
D:\1.Project\1. PLIR\Spinnaker\MDSSpinnakerSDK\MDSSpinnakerSDK\Libraries\OpenCV4.7\include\opencv2\core.hpp(1188,1): warning C4819: 현재 코드 페이지(949)에서 표시할 수 없는 문자가 파일에 들어 있습니다. 데이터가 손실되지 않게 하려면 해당 파일을 유니코드 형식으로 저장하십시오.
D:\1.Project\1. PLIR\Spinnaker\MDSSpinnakerSDK\MDSSpinnakerSDK\Libraries\OpenCV4.7\include\opencv2\core.hpp(1188,1): warning C4819: 현재 코드 페이지(949)에서 표시할 수 없는 문자가 파일에 들어 있습니다. 데이터가 손실되지 않게 하려면 해당 파일을 유니코드 형식으로 저장하십시오.
D:\1.Project\1. PLIR\Spinnaker\MDSSpinnakerSDK\MDSSpinnakerSDK\Libraries\OpenCV4.7\include\opencv2\core.hpp(1188,1): warning C4819: 현재 코드 페이지(949)에서 표시할 수 없는 문자가 파일에 들어 있습니다. 데이터가 손실되지 않게 하려면 해당 파일을 유니코드 형식으로 저장하십시오.
D:\1.Project\1. PLIR\Spinnaker\MDSSpinnakerSDK\MDSSpinnakerSDK\Libraries\OpenCV4.7\include\opencv2\objdetect\aruco_board.hpp(1,1): warning C4819: 현재 코드 페이지(949)에서 표시할 수 없는 문자가 파일에 들어 있습니다. 데이터가 손실되지 않게 하려면 해당 파일을 유니코드 형식으로 저장하십시오.
  MDSSpinnakerSDKDlg.cpp
D:\1.Project\1. PLIR\Spinnaker\MDSSpinnakerSDK\MDSSpinnakerSDK\Libraries\OpenCV4.7\include\opencv2\core.hpp(1188,1): warning C4819: 현재 코드 페이지(949)에서 표시할 수 없는 문자가 파일에 들어 있습니다. 데이터가 손실되지 않게 하려면 해당 파일을 유니코드 형식으로 저장하십시오.
D:\1.Project\1. PLIR\Spinnaker\MDSSpinnakerSDK\MDSSpinnakerSDK\Libraries\OpenCV4.7\include\opencv2\core.hpp(1188,1): warning C4819: 현재 코드 페이지(949)에서 표시할 수 없는 문자가 파일에 들어 있습니다. 데이터가 손실되지 않게 하려면 해당 파일을 유니코드 형식으로 저장하십시오.
D:\1.Project\1. PLIR\Spinnaker\MDSSpinnakerSDK\MDSSpinnakerSDK\Libraries\OpenCV4.7\include\opencv2\core.hpp(1188,1): warning C4819: 현재 코드 페이지(949)에서 표시할 수 없는 문자가 파일에 들어 있습니다. 데이터가 손실되지 않게 하려면 해당 파일을 유니코드 형식으로 저장하십시오.
D:\1.Project\1. PLIR\Spinnaker\MDSSpinnakerSDK\MDSSpinnakerSDK\Libraries\OpenCV4.7\include\opencv2\objdetect\aruco_board.hpp(1,1): warning C4819: 현재 코드 페이지(949)에서 표시할 수 없는 문자가 파일에 들어 있습니다. 데이터가 손실되지 않게 하려면 해당 파일을 유니코드 형식으로 저장하십시오.
D:\1.Project\1. PLIR\Spinnaker\MDSSpinnakerSDK\MDSSpinnakerSDK\MDSSpinnakerSDKDlg.cpp(901,38): warning C4101: 'e' :참조되지 않은 지역 변수입니다.
D:\1.Project\1. PLIR\Spinnaker\MDSSpinnakerSDK\MDSSpinnakerSDK\MDSSpinnakerSDKDlg.cpp(1667,37): warning C4267: '초기화 중': 'size_t'에서 'int'(으)로 변환하면서 데이터가 손실될 수 있습니다.
  Radiometric_Utility.cpp
  _WIN32_WINNT not defined. Defaulting to _WIN32_WINNT_MAXVER (see WinSDKVer.h)
D:\1.Project\1. PLIR\Spinnaker\MDSSpinnakerSDK\MDSSpinnakerSDK\Libraries\OpenCV4.7\include\opencv2\core.hpp(1188,1): warning C4819: 현재 코드 페이지(949)에서 표시할 수 없는 문자가 파일에 들어 있습니다. 데이터가 손실되지 않게 하려면 해당 파일을 유니코드 형식으로 저장하십시오.
D:\1.Project\1. PLIR\Spinnaker\MDSSpinnakerSDK\MDSSpinnakerSDK\Libraries\OpenCV4.7\include\opencv2\core.hpp(1188,1): warning C4819: 현재 코드 페이지(949)에서 표시할 수 없는 문자가 파일에 들어 있습니다. 데이터가 손실되지 않게 하려면 해당 파일을 유니코드 형식으로 저장하십시오.
D:\1.Project\1. PLIR\Spinnaker\MDSSpinnakerSDK\MDSSpinnakerSDK\Libraries\OpenCV4.7\include\opencv2\core.hpp(1188,1): warning C4819: 현재 코드 페이지(949)에서 표시할 수 없는 문자가 파일에 들어 있습니다. 데이터가 손실되지 않게 하려면 해당 파일을 유니코드 형식으로 저장하십시오.
D:\1.Project\1. PLIR\Spinnaker\MDSSpinnakerSDK\MDSSpinnakerSDK\Libraries\OpenCV4.7\include\opencv2\objdetect\aruco_board.hpp(1,1): warning C4819: 현재 코드 페이지(949)에서 표시할 수 없는 문자가 파일에 들어 있습니다. 데이터가 손실되지 않게 하려면 해당 파일을 유니코드 형식으로 저장하십시오.
  temperature.cpp
D:\1.Project\1. PLIR\Spinnaker\MDSSpinnakerSDK\MDSSpinnakerSDK\Libraries\OpenCV4.7\include\opencv2\core.hpp(1188,1): warning C4819: 현재 코드 페이지(949)에서 표시할 수 없는 문자가 파일에 들어 있습니다. 데이터가 손실되지 않게 하려면 해당 파일을 유니코드 형식으로 저장하십시오.
D:\1.Project\1. PLIR\Spinnaker\MDSSpinnakerSDK\MDSSpinnakerSDK\Libraries\OpenCV4.7\include\opencv2\core.hpp(1188,1): warning C4819: 현재 코드 페이지(949)에서 표시할 수 없는 문자가 파일에 들어 있습니다. 데이터가 손실되지 않게 하려면 해당 파일을 유니코드 형식으로 저장하십시오.
D:\1.Project\1. PLIR\Spinnaker\MDSSpinnakerSDK\MDSSpinnakerSDK\Libraries\OpenCV4.7\include\opencv2\core.hpp(1188,1): warning C4819: 현재 코드 페이지(949)에서 표시할 수 없는 문자가 파일에 들어 있습니다. 데이터가 손실되지 않게 하려면 해당 파일을 유니코드 형식으로 저장하십시오.
D:\1.Project\1. PLIR\Spinnaker\MDSSpinnakerSDK\MDSSpinnakerSDK\Libraries\OpenCV4.7\include\opencv2\objdetect\aruco_board.hpp(1,1): warning C4819: 현재 코드 페이지(949)에서 표시할 수 없는 문자가 파일에 들어 있습니다. 데이터가 손실되지 않게 하려면 해당 파일을 유니코드 형식으로 저장하십시오.
  코드를 생성하고 있습니다...
D:\1.Project\1. PLIR\Spinnaker\MDSSpinnakerSDK\MDSSpinnakerSDK\MDSSpinnakerSDKDlg.cpp(1689): warning C4715: 'CMDSSpinnakerSDKDlg::FocusPos': 모든 제어 경로에서 값을 반환하지는 않습니다.
  MDSSpinnakerSDK.vcxproj -> D:\1.Project\1. PLIR\Spinnaker\MDSSpinnakerSDK\x64\Debug\MDSSpinnakerSDK.exe
