d:\1.project\1. plir\spinnaker\mdsspinnakersdk\mdsspinnakersdk\x64\debug\vc142.pdb
d:\1.project\1. plir\spinnaker\mdsspinnakersdk\mdsspinnakersdk\x64\debug\vc142.idb
d:\1.project\1. plir\spinnaker\mdsspinnakersdk\mdsspinnakersdk\x64\debug\temperature.obj
d:\1.project\1. plir\spinnaker\mdsspinnakersdk\mdsspinnakersdk\x64\debug\radiometric_utility.obj
d:\1.project\1. plir\spinnaker\mdsspinnakersdk\mdsspinnakersdk\x64\debug\mdsspinnakersdkdlg.obj
d:\1.project\1. plir\spinnaker\mdsspinnakersdk\mdsspinnakersdk\x64\debug\mdsspinnakersdk.obj
d:\1.project\1. plir\spinnaker\mdsspinnakersdk\mdsspinnakersdk\x64\debug\mdscolorpalette.obj
d:\1.project\1. plir\spinnaker\mdsspinnakersdk\mdsspinnakersdk\x64\debug\cmmtiming.obj
d:\1.project\1. plir\spinnaker\mdsspinnakersdk\mdsspinnakersdk\x64\debug\mdsspinnakersdk.ilk
d:\1.project\1. plir\spinnaker\mdsspinnakersdk\x64\debug\mdsspinnakersdk.exe
d:\1.project\1. plir\spinnaker\mdsspinnakersdk\x64\debug\mdsspinnakersdk.pdb
d:\1.project\1. plir\spinnaker\mdsspinnakersdk\mdsspinnakersdk\x64\debug\mdsspinnakersdk.res
d:\1.project\1. plir\spinnaker\mdsspinnakersdk\mdsspinnakersdk\x64\debug\mdsspinnakersdk.tlog\cl.command.1.tlog
d:\1.project\1. plir\spinnaker\mdsspinnakersdk\mdsspinnakersdk\x64\debug\mdsspinnakersdk.tlog\cl.read.1.tlog
d:\1.project\1. plir\spinnaker\mdsspinnakersdk\mdsspinnakersdk\x64\debug\mdsspinnakersdk.tlog\cl.write.1.tlog
d:\1.project\1. plir\spinnaker\mdsspinnakersdk\mdsspinnakersdk\x64\debug\mdsspinnakersdk.tlog\link.command.1.tlog
d:\1.project\1. plir\spinnaker\mdsspinnakersdk\mdsspinnakersdk\x64\debug\mdsspinnakersdk.tlog\link.read.1.tlog
d:\1.project\1. plir\spinnaker\mdsspinnakersdk\mdsspinnakersdk\x64\debug\mdsspinnakersdk.tlog\link.write.1.tlog
d:\1.project\1. plir\spinnaker\mdsspinnakersdk\mdsspinnakersdk\x64\debug\mdsspinnakersdk.tlog\rc.command.1.tlog
d:\1.project\1. plir\spinnaker\mdsspinnakersdk\mdsspinnakersdk\x64\debug\mdsspinnakersdk.tlog\rc.read.1.tlog
d:\1.project\1. plir\spinnaker\mdsspinnakersdk\mdsspinnakersdk\x64\debug\mdsspinnakersdk.tlog\rc.write.1.tlog
